<?xml version="1.0" encoding="UTF-8" ?>
<testsuites>
 <testsuite name="fileProxy" timestamp="2017-07-10T20:20:38" hostname="localhost" time="0.141" errors="0" tests="0" skipped="0" disabled="0" failures="0">
 </testsuite>
 <testsuite name="fileProxy.with invalid config" timestamp="2017-07-10T20:20:38" hostname="localhost" time="0.003" errors="0" tests="2" skipped="0" disabled="0" failures="0">
  <testcase classname="fileProxy.with invalid config" name="without config" time="0.002" />
  <testcase classname="fileProxy.with invalid config" name="config.idProperty" time="0.001" />
 </testsuite>
 <testsuite name="fileProxy.with valid config" timestamp="2017-07-10T20:20:38" hostname="localhost" time="0.137" errors="0" tests="7" skipped="0" disabled="0" failures="0">
  <testcase classname="fileProxy.with valid config" name="should create a file in the testFolder directory" time="0.003" />
  <testcase classname="fileProxy.with valid config" name="should list the directory" time="0.121" />
  <testcase classname="fileProxy.with valid config" name="should read the file contents" time="0.011" />
  <testcase classname="fileProxy.with valid config" name="should update the file contents" time="0.001" />
  <testcase classname="fileProxy.with valid config" name="should read the updated contents" time="0" />
  <testcase classname="fileProxy.with valid config" name="should delete the file" time="0" />
  <testcase classname="fileProxy.with valid config" name="should return an error on readOneById" time="0" />
 </testsuite>
 <testsuite name="Mongo proxy" timestamp="2017-07-10T20:20:38" hostname="localhost" time="0.013" errors="0" tests="0" skipped="0" disabled="0" failures="0">
 </testsuite>
 <testsuite name="Mongo proxy.with invalid config" timestamp="2017-07-10T20:20:38" hostname="localhost" time="0.001" errors="0" tests="0" skipped="0" disabled="0" failures="0">
 </testsuite>
 <testsuite name="Mongo proxy.with invalid config.missing model function" timestamp="2017-07-10T20:20:38" hostname="localhost" time="0.001" errors="0" tests="1" skipped="0" disabled="0" failures="0">
  <testcase classname="Mongo proxy.with invalid config.missing model function" name="should return an error" time="0" />
 </testsuite>
 <testsuite name="Mongo proxy.with valid config" timestamp="2017-07-10T20:20:38" hostname="localhost" time="0.012" errors="0" tests="12" skipped="0" disabled="0" failures="0">
  <testcase classname="Mongo proxy.with valid config" name="- read should return with list of items" time="0.005" />
  <testcase classname="Mongo proxy.with valid config" name="- read with filter object should return with list of items" time="0.002" />
  <testcase classname="Mongo proxy.with valid config" name="- createOne should create an item" time="0" />
  <testcase classname="Mongo proxy.with valid config" name="- createOne with filter object should create an item" time="0.001" />
  <testcase classname="Mongo proxy.with valid config" name="- createOne should create an item" time="0.001" />
  <testcase classname="Mongo proxy.with valid config" name="- createOne with filter object should create an item" time="0" />
  <testcase classname="Mongo proxy.with valid config" name="- readOneById should return with an item object" time="0" />
  <testcase classname="Mongo proxy.with valid config" name="- readOneById with filter object should return with an item object" time="0" />
  <testcase classname="Mongo proxy.with valid config" name="- updateOneById should return without error" time="0" />
  <testcase classname="Mongo proxy.with valid config" name="- updateOneById with filter object should return without error" time="0" />
  <testcase classname="Mongo proxy.with valid config" name="- destroyOneById should return without error" time="0.001" />
  <testcase classname="Mongo proxy.with valid config" name="- destroyOneById  with filter object should return without error" time="0" />
 </testsuite>
 <testsuite name="AWS S3 proxy" timestamp="2017-07-10T20:20:38" hostname="localhost" time="0.005" errors="0" tests="0" skipped="0" disabled="0" failures="0">
 </testsuite>
 <testsuite name="AWS S3 proxy.with invalid config" timestamp="2017-07-10T20:20:38" hostname="localhost" time="0.001" errors="0" tests="5" skipped="0" disabled="0" failures="0">
  <testcase classname="AWS S3 proxy.with invalid config" name="missing config.accessKeyId" time="0" />
  <testcase classname="AWS S3 proxy.with invalid config" name="missing config.secretAccessKey" time="0" />
  <testcase classname="AWS S3 proxy.with invalid config" name="missing config.region" time="0" />
  <testcase classname="AWS S3 proxy.with invalid config" name="missing config.bucket" time="0.001" />
  <testcase classname="AWS S3 proxy.with invalid config" name="invalid config.generateId type" time="0" />
 </testsuite>
 <testsuite name="AWS S3 proxy.with valid config" timestamp="2017-07-10T20:20:38" hostname="localhost" time="0.003" errors="0" tests="0" skipped="0" disabled="0" failures="0">
 </testsuite>
 <testsuite name="AWS S3 proxy.with valid config.interface" timestamp="2017-07-10T20:20:38" hostname="localhost" time="0.001" errors="0" tests="5" skipped="0" disabled="0" failures="0">
  <testcase classname="AWS S3 proxy.with valid config.interface" name="read" time="0" />
  <testcase classname="AWS S3 proxy.with valid config.interface" name="createOne" time="0" />
  <testcase classname="AWS S3 proxy.with valid config.interface" name="readOneById" time="0" />
  <testcase classname="AWS S3 proxy.with valid config.interface" name="updateOneById" time="0" />
  <testcase classname="AWS S3 proxy.with valid config.interface" name="destroyOneById" time="0.001" />
 </testsuite>
 <testsuite name="AWS S3 proxy.with valid config.behaviour" timestamp="2017-07-10T20:20:38" hostname="localhost" time="0.002" errors="0" tests="5" skipped="0" disabled="0" failures="0">
  <testcase classname="AWS S3 proxy.with valid config.behaviour" name="read" time="0.001" />
  <testcase classname="AWS S3 proxy.with valid config.behaviour" name="createOne" time="0" />
  <testcase classname="AWS S3 proxy.with valid config.behaviour" name="readOneById" time="0.001" />
  <testcase classname="AWS S3 proxy.with valid config.behaviour" name="updateOneById" time="0" />
  <testcase classname="AWS S3 proxy.with valid config.behaviour" name="destroyOneById" time="0" />
 </testsuite>
 <testsuite name="crudRouter" timestamp="2017-07-10T20:20:38" hostname="localhost" time="0.094" errors="0" tests="0" skipped="0" disabled="0" failures="0">
 </testsuite>
 <testsuite name="crudRouter.with invalid config" timestamp="2017-07-10T20:20:38" hostname="localhost" time="0.004" errors="0" tests="3" skipped="0" disabled="0" failures="0">
  <testcase classname="crudRouter.with invalid config" name="config.proxy" time="0.001" />
  <testcase classname="crudRouter.with invalid config" name="config.getProxy" time="0.003" />
  <testcase classname="crudRouter.with invalid config" name="config.getProxy" time="0" />
 </testsuite>
 <testsuite name="crudRouter.with valid config" timestamp="2017-07-10T20:20:38" hostname="localhost" time="0.09" errors="0" tests="0" skipped="0" disabled="0" failures="0">
 </testsuite>
 <testsuite name="crudRouter.with valid config.when proxy call returns error" timestamp="2017-07-10T20:20:38" hostname="localhost" time="0.059" errors="0" tests="5" skipped="0" disabled="0" failures="0">
  <testcase classname="crudRouter.with valid config.when proxy call returns error" name="GET /" time="0.029" />
  <testcase classname="crudRouter.with valid config.when proxy call returns error" name="POST /" time="0.007" />
  <testcase classname="crudRouter.with valid config.when proxy call returns error" name="GET /:id" time="0.004" />
  <testcase classname="crudRouter.with valid config.when proxy call returns error" name="PUT /:id" time="0.003" />
  <testcase classname="crudRouter.with valid config.when proxy call returns error" name="DEL /:id" time="0.002" />
 </testsuite>
 <testsuite name="crudRouter.with valid config.with preHooks and postHooks" timestamp="2017-07-10T20:20:38" hostname="localhost" time="0.019" errors="0" tests="5" skipped="0" disabled="0" failures="0">
  <testcase classname="crudRouter.with valid config.with preHooks and postHooks" name="GET /" time="0.004" />
  <testcase classname="crudRouter.with valid config.with preHooks and postHooks" name="POST /" time="0.004" />
  <testcase classname="crudRouter.with valid config.with preHooks and postHooks" name="GET /:id" time="0.004" />
  <testcase classname="crudRouter.with valid config.with preHooks and postHooks" name="PUT /:id" time="0.002" />
  <testcase classname="crudRouter.with valid config.with preHooks and postHooks" name="DEL /:id" time="0.002" />
 </testsuite>
 <testsuite name="crudRouter.with valid config.without preHooks" timestamp="2017-07-10T20:20:38" hostname="localhost" time="0.012" errors="0" tests="5" skipped="0" disabled="0" failures="0">
  <testcase classname="crudRouter.with valid config.without preHooks" name="GET /" time="0.003" />
  <testcase classname="crudRouter.with valid config.without preHooks" name="POST /" time="0.003" />
  <testcase classname="crudRouter.with valid config.without preHooks" name="GET /:id" time="0.002" />
  <testcase classname="crudRouter.with valid config.without preHooks" name="PUT /:id" time="0.002" />
  <testcase classname="crudRouter.with valid config.without preHooks" name="DEL /:id" time="0.001" />
 </testsuite>
 <testsuite name="Gallery router" timestamp="2017-07-10T20:20:38" hostname="localhost" time="2.801" errors="0" tests="0" skipped="0" disabled="0" failures="0">
 </testsuite>
 <testsuite name="Gallery router.with invalid config" timestamp="2017-07-10T20:20:38" hostname="localhost" time="0.006" errors="0" tests="9" skipped="0" disabled="0" failures="0">
  <testcase classname="Gallery router.with invalid config" name="config.createInfoObject" time="0.002" />
  <testcase classname="Gallery router.with invalid config" name="config.calculateBinaryId" time="0" />
  <testcase classname="Gallery router.with invalid config" name="config.fileUploadProp" time="0" />
  <testcase classname="Gallery router.with invalid config" name="config.fromUrlProp" time="0" />
  <testcase classname="Gallery router.with invalid config" name="no infoProxy" time="0" />
  <testcase classname="Gallery router.with invalid config" name="no binaryProxy" time="0" />
  <testcase classname="Gallery router.with invalid config" name="no binaryProxy, getInfoProxy is function" time="0.002" />
  <testcase classname="Gallery router.with invalid config" name="config.infoProxy not a function" time="0" />
  <testcase classname="Gallery router.with invalid config" name="config.binaryProxy not a function" time="0" />
 </testsuite>
 <testsuite name="Gallery router.with invalid config.config.binaryProxy" timestamp="2017-07-10T20:20:38" hostname="localhost" time="0.002" errors="0" tests="5" skipped="0" disabled="0" failures="0">
  <testcase classname="Gallery router.with invalid config.config.binaryProxy" name="config.binaryProxy.read" time="0.001" />
  <testcase classname="Gallery router.with invalid config.config.binaryProxy" name="config.binaryProxy.createOne" time="0" />
  <testcase classname="Gallery router.with invalid config.config.binaryProxy" name="config.binaryProxy.readOneById" time="0" />
  <testcase classname="Gallery router.with invalid config.config.binaryProxy" name="config.binaryProxy.updateOneById" time="0" />
  <testcase classname="Gallery router.with invalid config.config.binaryProxy" name="config.binaryProxy.destroyOneById" time="0.001" />
 </testsuite>
 <testsuite name="Gallery router.with invalid config.config.infoProxy" timestamp="2017-07-10T20:20:38" hostname="localhost" time="0" errors="0" tests="5" skipped="0" disabled="0" failures="0">
  <testcase classname="Gallery router.with invalid config.config.infoProxy" name="config.infoProxy.read" time="0" />
  <testcase classname="Gallery router.with invalid config.config.infoProxy" name="config.infoProxy.createOne" time="0" />
  <testcase classname="Gallery router.with invalid config.config.infoProxy" name="config.infoProxy.readOneById" time="0" />
  <testcase classname="Gallery router.with invalid config.config.infoProxy" name="config.infoProxy.updateOneById" time="0" />
  <testcase classname="Gallery router.with invalid config.config.infoProxy" name="config.infoProxy.destroyOneById" time="0" />
 </testsuite>
 <testsuite name="Gallery router.with valid config" timestamp="2017-07-10T20:20:38" hostname="localhost" time="2.795" errors="0" tests="7" skipped="0" disabled="0" failures="0">
  <testcase classname="Gallery router.with valid config" name="GET /" time="0.005" />
  <testcase classname="Gallery router.with valid config" name="POST / - url" time="2.753" />
  <testcase classname="Gallery router.with valid config" name="POST / - FormData" time="0.017" />
  <testcase classname="Gallery router.with valid config" name="POST / - FormData invalid undefined type" time="0.006" />
  <testcase classname="Gallery router.with valid config" name="GET /:id" time="0.004" />
  <testcase classname="Gallery router.with valid config" name="PUT /:id" time="0.006" />
  <testcase classname="Gallery router.with valid config" name="DELETE /:id" time="0.004" />
 </testsuite>
</testsuites>